Using pre-set license
Built from '2020.2/release' branch; Version is '2020.2.2f1 (068178b99f32) revision 426360'; Using compiler version '192528614'; Build Type 'Release'
OS: 'Windows 10 Home; OS build 19042.1110; Version 2009; 64bit' Language: 'en' Physical Memory: 7540 MB
BatchMode: 1, IsHumanControllingUs: 0, StartBugReporterOnCrash: 0, Is64bit: 1, IsPro: 0

 COMMAND LINE ARGUMENTS:
C:\Program Files\Unity\Hub\Editor\2020.2.2f1\Editor\Unity.exe
-adb2
-batchMode
-noUpm
-name
AssetImportWorker0
-projectPath
C:/Users/imsom/Documents/Sue/GitHub/EcosystemSimulator
-logFile
Logs/AssetImportWorker0.log
-srvPort
63198
Successfully changed project path to: C:/Users/imsom/Documents/Sue/GitHub/EcosystemSimulator
C:/Users/imsom/Documents/Sue/GitHub/EcosystemSimulator
Using Asset Import Pipeline V2.
Refreshing native plugins compatible for Editor in 36.38 ms, found 0 plugins.
Preloading 0 native plugins for Editor in 0.00 ms.
Initialize engine version: 2020.2.2f1 (068178b99f32)
[Subsystems] Discovering subsystems at path C:/Program Files/Unity/Hub/Editor/2020.2.2f1/Editor/Data/Resources/UnitySubsystems
[Subsystems] Discovering subsystems at path C:/Users/imsom/Documents/Sue/GitHub/EcosystemSimulator/Assets
GfxDevice: creating device client; threaded=0
Direct3D:
    Version:  Direct3D 11.0 [level 11.1]
    Renderer: NVIDIA GeForce GTX 1050 (ID=0x1c91)
    Vendor:   
    VRAM:     2996 MB
    Driver:   27.21.14.6280
Initialize mono
Mono path[0] = 'C:/Program Files/Unity/Hub/Editor/2020.2.2f1/Editor/Data/Managed'
Mono path[1] = 'C:/Program Files/Unity/Hub/Editor/2020.2.2f1/Editor/Data/MonoBleedingEdge/lib/mono/unityjit'
Mono config path = 'C:/Program Files/Unity/Hub/Editor/2020.2.2f1/Editor/Data/MonoBleedingEdge/etc'
Using monoOptions --debugger-agent=transport=dt_socket,embedding=1,server=y,suspend=n,address=127.0.0.1:56744
Begin MonoManager ReloadAssembly
Registering precompiled unity dll's ...
Register platform support module: C:/Program Files/Unity/Hub/Editor/2020.2.2f1/Editor/Data/PlaybackEngines/WindowsStandaloneSupport/UnityEditor.WindowsStandalone.Extensions.dll
Registered in 0.008497 seconds.
Native extension for WindowsStandalone target not found
Refreshing native plugins compatible for Editor in 31.89 ms, found 0 plugins.
Preloading 0 native plugins for Editor in 0.00 ms.
Invoked RoslynAnalysisRunner static constructor.
RoslynAnalysisRunner will not be running.
RoslynAnalysisRunner has terminated.
Mono: successfully reloaded assembly
- Completed reload, in  4.304 seconds
Platform modules already initialized, skipping
Registering precompiled user dll's ...
Registered in 0.003939 seconds.
Begin MonoManager ReloadAssembly
Native extension for WindowsStandalone target not found
Refreshing native plugins compatible for Editor in 0.51 ms, found 0 plugins.
Preloading 0 native plugins for Editor in 0.00 ms.
Invoked RoslynAnalysisRunner static constructor.
RoslynAnalysisRunner will not be running.
RoslynAnalysisRunner has terminated.
Mono: successfully reloaded assembly
- Completed reload, in  0.956 seconds
Platform modules already initialized, skipping
========================================================================
Worker process is ready to serve import requests
Launched and connected shader compiler UnityShaderCompiler.exe after 0.07 seconds
Refreshing native plugins compatible for Editor in 0.28 ms, found 0 plugins.
Preloading 0 native plugins for Editor in 0.00 ms.
Unloading 1166 Unused Serialized files (Serialized files now loaded: 0)
System memory in use before: 63.5 MB.
System memory in use after: 63.6 MB.

Unloading 9 unused Assets to reduce memory usage. Loaded Objects now: 1618.
Total: 2.027700 ms (FindLiveObjects: 0.280800 ms CreateObjectMapping: 0.078800 ms MarkObjects: 1.561100 ms  DeleteObjects: 0.104800 ms)

========================================================================
Received Import Request.
  path: Assets/Scripts/LivingBeings/LivingBeing.cs
  artifactKey: Guid(0a259900f549e6e46b896efdf701f17b) Importer(815301076,1909f56bfc062723c751e8b465ee728b)
Start importing Assets/Scripts/LivingBeings/LivingBeing.cs using Guid(0a259900f549e6e46b896efdf701f17b) Importer(815301076,1909f56bfc062723c751e8b465ee728b)  -> (artifact id: '898d98b7f0f960a93941f9f4bac6501e') in 0.055991 seconds
  Import took 0.060252 seconds .

========================================================================
Received Import Request.
  Time since last request: 0.000728 seconds.
  path: Assets/Scripts/LivingBeings/States/Die.cs
  artifactKey: Guid(5c831eada51879145ba5d13391bc2e31) Importer(815301076,1909f56bfc062723c751e8b465ee728b)
Start importing Assets/Scripts/LivingBeings/States/Die.cs using Guid(5c831eada51879145ba5d13391bc2e31) Importer(815301076,1909f56bfc062723c751e8b465ee728b)  -> (artifact id: '409a4608aa5f77c75a5b83438f3eacf3') in 0.008514 seconds
  Import took 0.012048 seconds .

========================================================================
Received Import Request.
  Time since last request: 2.013891 seconds.
  path: Assets/Scripts/LivingBeings/Animal.cs
  artifactKey: Guid(9b83e11b2c733454d82b8bf725d5ce8c) Importer(815301076,1909f56bfc062723c751e8b465ee728b)
Start importing Assets/Scripts/LivingBeings/Animal.cs using Guid(9b83e11b2c733454d82b8bf725d5ce8c) Importer(815301076,1909f56bfc062723c751e8b465ee728b)  -> (artifact id: '36ca33eb8e74b3668dc61c7f05b1f6a0') in 0.009243 seconds
  Import took 0.013230 seconds .

========================================================================
Received Import Request.
  Time since last request: 0.009919 seconds.
  path: Assets/Scripts/LivingBeings/Animal.cs
  artifactKey: Guid(9b83e11b2c733454d82b8bf725d5ce8c) Importer(815301076,1909f56bfc062723c751e8b465ee728b)
Start importing Assets/Scripts/LivingBeings/Animal.cs using Guid(9b83e11b2c733454d82b8bf725d5ce8c) Importer(815301076,1909f56bfc062723c751e8b465ee728b)  -> (artifact id: '36ca33eb8e74b3668dc61c7f05b1f6a0') in 0.004679 seconds
  Import took 0.007288 seconds .

========================================================================
Received Prepare
Registering precompiled user dll's ...
Registered in 0.001396 seconds.
Begin MonoManager ReloadAssembly
Native extension for WindowsStandalone target not found
Refreshing native plugins compatible for Editor in 0.29 ms, found 0 plugins.
Preloading 0 native plugins for Editor in 0.00 ms.
Invoked RoslynAnalysisRunner static constructor.
RoslynAnalysisRunner will not be running.
RoslynAnalysisRunner has terminated.
Mono: successfully reloaded assembly
- Completed reload, in  0.829 seconds
Platform modules already initialized, skipping
Refreshing native plugins compatible for Editor in 0.42 ms, found 0 plugins.
Preloading 0 native plugins for Editor in 0.00 ms.
Unloading 1144 Unused Serialized files (Serialized files now loaded: 0)
System memory in use before: 62.6 MB.
System memory in use after: 62.7 MB.

Unloading 5 unused Assets to reduce memory usage. Loaded Objects now: 1620.
Total: 2.035500 ms (FindLiveObjects: 0.302200 ms CreateObjectMapping: 0.054500 ms MarkObjects: 1.585700 ms  DeleteObjects: 0.090700 ms)

========================================================================
Received Import Request.
  Time since last request: 198.562458 seconds.
  path: Assets/Scripts/LivingBeings/Animal.cs
  artifactKey: Guid(9b83e11b2c733454d82b8bf725d5ce8c) Importer(815301076,1909f56bfc062723c751e8b465ee728b)
Start importing Assets/Scripts/LivingBeings/Animal.cs using Guid(9b83e11b2c733454d82b8bf725d5ce8c) Importer(815301076,1909f56bfc062723c751e8b465ee728b)  -> (artifact id: '2fc4e6da7905ae4c5147a2ffec14510f') in 0.006083 seconds
  Import took 0.008494 seconds .

========================================================================
Received Prepare
Registering precompiled user dll's ...
Registered in 0.001308 seconds.
Begin MonoManager ReloadAssembly
Native extension for WindowsStandalone target not found
Refreshing native plugins compatible for Editor in 0.36 ms, found 0 plugins.
Preloading 0 native plugins for Editor in 0.00 ms.
Invoked RoslynAnalysisRunner static constructor.
RoslynAnalysisRunner will not be running.
RoslynAnalysisRunner has terminated.
Mono: successfully reloaded assembly
- Completed reload, in  0.928 seconds
Platform modules already initialized, skipping
Refreshing native plugins compatible for Editor in 0.34 ms, found 0 plugins.
Preloading 0 native plugins for Editor in 0.00 ms.
Unloading 1144 Unused Serialized files (Serialized files now loaded: 0)
System memory in use before: 63.3 MB.
System memory in use after: 63.4 MB.

Unloading 5 unused Assets to reduce memory usage. Loaded Objects now: 1622.
Total: 2.042400 ms (FindLiveObjects: 0.214700 ms CreateObjectMapping: 0.033800 ms MarkObjects: 1.709500 ms  DeleteObjects: 0.082800 ms)

